2010-05-19 20:23:18 Debug: Notice (1024): Please change the value of 'Security.salt' in app/config/core.php to a salt value specific to your application in [C:\xampp\htdocs\FastFWDs v1\cake\libs\debugger.php, line 684]
2010-05-19 20:23:18 Debug: Notice (1024): Please change the value of 'Security.cipherSeed' in app/config/core.php to a numeric (digits only) seed value specific to your application in [C:\xampp\htdocs\FastFWDs v1\cake\libs\debugger.php, line 688]
2010-05-19 20:23:19 Debug: Notice (1024): Please change the value of 'Security.salt' in app/config/core.php to a salt value specific to your application in [C:\xampp\htdocs\FastFWDs v1\cake\libs\debugger.php, line 684]
2010-05-19 20:23:19 Debug: Notice (1024): Please change the value of 'Security.cipherSeed' in app/config/core.php to a numeric (digits only) seed value specific to your application in [C:\xampp\htdocs\FastFWDs v1\cake\libs\debugger.php, line 688]
2010-05-19 20:23:58 Debug: Notice (1024): Please change the value of 'Security.salt' in app/config/core.php to a salt value specific to your application in [C:\xampp\htdocs\FastFWDs v1\cake\libs\debugger.php, line 684]
2010-05-19 20:23:58 Debug: Notice (1024): Please change the value of 'Security.cipherSeed' in app/config/core.php to a numeric (digits only) seed value specific to your application in [C:\xampp\htdocs\FastFWDs v1\cake\libs\debugger.php, line 688]
2010-05-19 20:26:28 Debug: Notice (1024): Please change the value of 'Security.salt' in app/config/core.php to a salt value specific to your application in [C:\xampp\htdocs\fastFWDs\cake\libs\debugger.php, line 684]
2010-05-19 20:26:28 Debug: Notice (1024): Please change the value of 'Security.cipherSeed' in app/config/core.php to a numeric (digits only) seed value specific to your application in [C:\xampp\htdocs\fastFWDs\cake\libs\debugger.php, line 688]
2010-05-19 20:31:25 Debug: Notice (1024): Please change the value of 'Security.salt' in app/config/core.php to a salt value specific to your application in [C:\xampp\htdocs\fastFWDs\cake\libs\debugger.php, line 684]
2010-05-19 20:31:25 Debug: Notice (1024): Please change the value of 'Security.cipherSeed' in app/config/core.php to a numeric (digits only) seed value specific to your application in [C:\xampp\htdocs\fastFWDs\cake\libs\debugger.php, line 688]
2010-05-19 20:31:34 Debug: Notice (1024): Please change the value of 'Security.salt' in app/config/core.php to a salt value specific to your application in [C:\xampp\htdocs\fastFWDs\cake\libs\debugger.php, line 684]
2010-05-19 20:31:34 Debug: Notice (1024): Please change the value of 'Security.cipherSeed' in app/config/core.php to a numeric (digits only) seed value specific to your application in [C:\xampp\htdocs\fastFWDs\cake\libs\debugger.php, line 688]
2010-05-19 20:36:22 Debug: Notice (1024): Please change the value of 'Security.cipherSeed' in app/config/core.php to a numeric (digits only) seed value specific to your application in [C:\xampp\htdocs\fastFWDs\cake\libs\debugger.php, line 688]
2010-05-20 14:57:06 Debug: Notice (8): Undefined property:  HomesController::$DrunkDial in [C:\xampp\htdocs\fastFWDs\app\controllers\homes_controller.php, line 28]
2010-05-20 14:57:53 Debug: Notice (8): Undefined variable: drunkdialerz in [C:\xampp\htdocs\fastFWDs\app\controllers\homes_controller.php, line 29]
2010-05-20 14:57:53 Debug: Notice (8): Undefined variable: ddz_count in [C:\xampp\htdocs\fastFWDs\app\controllers\homes_controller.php, line 31]
2010-05-20 15:07:48 Debug: Notice (8): Undefined variable: ddz_count in [C:\xampp\htdocs\fastFWDs\app\views\homes\index.ctp, line 43]
2010-05-20 15:07:48 Debug: Notice (8): Undefined variable: ddz_count in [C:\xampp\htdocs\fastFWDs\app\views\homes\index.ctp, line 47]
2010-05-20 15:07:48 Debug: Notice (8): Undefined variable: ddz_count in [C:\xampp\htdocs\fastFWDs\app\views\homes\index.ctp, line 51]
2010-05-20 15:07:48 Debug: Notice (8): Undefined variable: ddz_count in [C:\xampp\htdocs\fastFWDs\app\views\homes\index.ctp, line 55]
2010-05-20 15:07:48 Debug: Notice (8): Undefined variable: ddz_count in [C:\xampp\htdocs\fastFWDs\app\views\homes\index.ctp, line 59]
2010-05-20 15:10:11 Debug: Notice (8): Undefined variable: ddz_count in [C:\xampp\htdocs\fastFWDs\app\views\homes\index.ctp, line 43]
2010-05-20 15:10:11 Debug: Notice (8): Undefined variable: ddz_count in [C:\xampp\htdocs\fastFWDs\app\views\homes\index.ctp, line 47]
2010-05-20 15:10:11 Debug: Notice (8): Undefined variable: ddz_count in [C:\xampp\htdocs\fastFWDs\app\views\homes\index.ctp, line 51]
2010-05-20 15:10:11 Debug: Notice (8): Undefined variable: ddz_count in [C:\xampp\htdocs\fastFWDs\app\views\homes\index.ctp, line 55]
2010-05-20 15:10:11 Debug: Notice (8): Undefined variable: ddz_count in [C:\xampp\htdocs\fastFWDs\app\views\homes\index.ctp, line 59]
2010-05-20 15:10:36 Debug: Notice (8): Undefined variable: ddz_count in [C:\xampp\htdocs\fastFWDs\app\views\homes\index.ctp, line 43]
2010-05-20 15:10:36 Debug: Notice (8): Undefined variable: ddz_count in [C:\xampp\htdocs\fastFWDs\app\views\homes\index.ctp, line 47]
2010-05-20 15:10:36 Debug: Notice (8): Undefined variable: ddz_count in [C:\xampp\htdocs\fastFWDs\app\views\homes\index.ctp, line 51]
2010-05-20 15:10:36 Debug: Notice (8): Undefined variable: ddz_count in [C:\xampp\htdocs\fastFWDs\app\views\homes\index.ctp, line 55]
2010-05-20 15:10:36 Debug: Notice (8): Undefined variable: ddz_count in [C:\xampp\htdocs\fastFWDs\app\views\homes\index.ctp, line 59]
2010-05-20 15:12:02 Debug: Notice (8): Undefined variable: ddz_count in [C:\xampp\htdocs\fastFWDs\app\views\homes\index.ctp, line 43]
2010-05-20 15:12:02 Debug: Notice (8): Undefined variable: ddz_count in [C:\xampp\htdocs\fastFWDs\app\views\homes\index.ctp, line 47]
2010-05-20 15:12:02 Debug: Notice (8): Undefined variable: ddz_count in [C:\xampp\htdocs\fastFWDs\app\views\homes\index.ctp, line 51]
2010-05-20 15:12:02 Debug: Notice (8): Undefined variable: ddz_count in [C:\xampp\htdocs\fastFWDs\app\views\homes\index.ctp, line 55]
2010-05-20 15:12:02 Debug: Notice (8): Undefined variable: ddz_count in [C:\xampp\htdocs\fastFWDs\app\views\homes\index.ctp, line 59]
2010-05-20 15:12:40 Debug: Notice (8): Undefined variable: ddz_count in [C:\xampp\htdocs\fastFWDs\app\views\homes\index.ctp, line 43]
2010-05-20 15:12:40 Debug: Notice (8): Undefined variable: ddz_count in [C:\xampp\htdocs\fastFWDs\app\views\homes\index.ctp, line 47]
2010-05-20 15:12:40 Debug: Notice (8): Undefined variable: ddz_count in [C:\xampp\htdocs\fastFWDs\app\views\homes\index.ctp, line 51]
2010-05-20 15:12:40 Debug: Notice (8): Undefined variable: ddz_count in [C:\xampp\htdocs\fastFWDs\app\views\homes\index.ctp, line 55]
2010-05-20 15:12:40 Debug: Notice (8): Undefined variable: ddz_count in [C:\xampp\htdocs\fastFWDs\app\views\homes\index.ctp, line 59]
2010-05-20 20:39:25 Debug: Notice (8): Undefined variable: ddz_count in [C:\xampp\htdocs\fastFWDs\app\views\homes\index.ctp, line 43]
2010-05-20 20:39:26 Debug: Notice (8): Undefined variable: ddz_count in [C:\xampp\htdocs\fastFWDs\app\views\homes\index.ctp, line 47]
2010-05-20 20:39:26 Debug: Notice (8): Undefined variable: ddz_count in [C:\xampp\htdocs\fastFWDs\app\views\homes\index.ctp, line 51]
2010-05-20 20:39:26 Debug: Notice (8): Undefined variable: ddz_count in [C:\xampp\htdocs\fastFWDs\app\views\homes\index.ctp, line 55]
2010-05-20 20:39:26 Debug: Notice (8): Undefined variable: ddz_count in [C:\xampp\htdocs\fastFWDs\app\views\homes\index.ctp, line 59]
2010-05-20 20:40:22 Debug: Notice (8): Undefined variable: ddz_count in [C:\xampp\htdocs\fastFWDs\app\views\homes\index.ctp, line 43]
2010-05-20 20:40:22 Debug: Notice (8): Undefined variable: ddz_count in [C:\xampp\htdocs\fastFWDs\app\views\homes\index.ctp, line 47]
2010-05-20 20:40:22 Debug: Notice (8): Undefined variable: ddz_count in [C:\xampp\htdocs\fastFWDs\app\views\homes\index.ctp, line 51]
2010-05-20 20:40:22 Debug: Notice (8): Undefined variable: ddz_count in [C:\xampp\htdocs\fastFWDs\app\views\homes\index.ctp, line 55]
2010-05-20 20:40:22 Debug: Notice (8): Undefined variable: ddz_count in [C:\xampp\htdocs\fastFWDs\app\views\homes\index.ctp, line 59]
2010-05-31 16:42:28 Debug: Notice (8): Undefined variable: display_login in [C:\xampp\htdocs\fastFWDs\app\views\elements\loginMenu.ctp, line 1]
2010-05-31 16:42:56 Debug: Notice (8): Undefined variable: display_login in [C:\xampp\htdocs\fastFWDs\app\views\elements\loginMenu.ctp, line 1]
2010-05-31 16:42:57 Debug: Notice (8): Undefined variable: display_login in [C:\xampp\htdocs\fastFWDs\app\views\elements\loginMenu.ctp, line 1]
2010-05-31 21:05:04 Debug: Notice (8): Uninitialized string offset:  0 in [C:\xampp\htdocs\fastFWDs\app\views\groups\view.ctp, line 132]
2010-05-31 21:05:04 Debug: Notice (8): Uninitialized string offset:  0 in [C:\xampp\htdocs\fastFWDs\app\views\groups\view.ctp, line 133]
2010-05-31 21:05:04 Debug: Notice (8): Uninitialized string offset:  0 in [C:\xampp\htdocs\fastFWDs\app\views\groups\view.ctp, line 134]
2010-05-31 21:05:04 Debug: Notice (8): Uninitialized string offset:  0 in [C:\xampp\htdocs\fastFWDs\app\views\groups\view.ctp, line 135]
2010-05-31 21:05:04 Debug: Notice (8): Uninitialized string offset:  0 in [C:\xampp\htdocs\fastFWDs\app\views\groups\view.ctp, line 136]
2010-05-31 21:05:04 Debug: Notice (8): Uninitialized string offset:  0 in [C:\xampp\htdocs\fastFWDs\app\views\groups\view.ctp, line 137]
2010-05-31 21:05:04 Debug: Notice (8): Uninitialized string offset:  0 in [C:\xampp\htdocs\fastFWDs\app\views\groups\view.ctp, line 138]
2010-05-31 21:05:04 Debug: Notice (8): Uninitialized string offset:  0 in [C:\xampp\htdocs\fastFWDs\app\views\groups\view.ctp, line 139]
2010-05-31 21:05:04 Debug: Notice (8): Uninitialized string offset:  0 in [C:\xampp\htdocs\fastFWDs\app\views\groups\view.ctp, line 140]
2010-05-31 21:05:04 Debug: Notice (8): Uninitialized string offset:  0 in [C:\xampp\htdocs\fastFWDs\app\views\groups\view.ctp, line 141]
2010-05-31 21:05:04 Debug: Notice (8): Uninitialized string offset:  0 in [C:\xampp\htdocs\fastFWDs\app\views\groups\view.ctp, line 142]
2010-05-31 21:05:04 Debug: Notice (8): Uninitialized string offset:  0 in [C:\xampp\htdocs\fastFWDs\app\views\groups\view.ctp, line 143]
2010-05-31 21:05:04 Debug: Notice (8): Uninitialized string offset:  0 in [C:\xampp\htdocs\fastFWDs\app\views\groups\view.ctp, line 144]
2010-05-31 21:05:04 Debug: Notice (8): Uninitialized string offset:  0 in [C:\xampp\htdocs\fastFWDs\app\views\groups\view.ctp, line 145]
2010-05-31 21:05:04 Debug: Notice (8): Uninitialized string offset:  0 in [C:\xampp\htdocs\fastFWDs\app\views\groups\view.ctp, line 146]
2010-05-31 21:05:04 Debug: Notice (8): Uninitialized string offset:  0 in [C:\xampp\htdocs\fastFWDs\app\views\groups\view.ctp, line 147]
2010-05-31 21:05:04 Debug: Notice (8): Uninitialized string offset:  0 in [C:\xampp\htdocs\fastFWDs\app\views\groups\view.ctp, line 148]
2010-05-31 21:05:04 Debug: Notice (8): Uninitialized string offset:  0 in [C:\xampp\htdocs\fastFWDs\app\views\groups\view.ctp, line 150]
2010-05-31 21:05:04 Debug: Notice (8): Uninitialized string offset:  0 in [C:\xampp\htdocs\fastFWDs\app\views\groups\view.ctp, line 151]
2010-05-31 21:05:04 Debug: Notice (8): Uninitialized string offset:  0 in [C:\xampp\htdocs\fastFWDs\app\views\groups\view.ctp, line 152]
2010-05-31 22:59:04 Debug: Notice (8): Undefined variable: display_login in [C:\xampp\htdocs\fastFWDs\app\views\elements\loginMenu.ctp, line 1]
2010-05-31 22:59:04 Debug: Notice (8): Undefined variable: myHtml in [C:\xampp\htdocs\fastFWDs\app\views\permissions\index.ctp, line 62]
2010-05-31 23:00:16 Debug: Notice (8): Undefined variable: display_login in [C:\xampp\htdocs\fastFWDs\app\views\elements\loginMenu.ctp, line 1]
2010-05-31 23:00:17 Debug: Notice (8): Undefined variable: myHtml in [C:\xampp\htdocs\fastFWDs\app\views\permissions\index.ctp, line 62]
2010-05-31 23:01:08 Debug: Notice (8): Undefined variable: display_login in [C:\xampp\htdocs\fastFWDs\app\views\elements\loginMenu.ctp, line 1]
2010-05-31 23:01:08 Debug: Notice (8): Undefined variable: myHtml in [C:\xampp\htdocs\fastFWDs\app\views\permissions\index.ctp, line 62]
2010-05-31 23:01:42 Debug: Notice (8): Undefined variable: myHtml in [C:\xampp\htdocs\fastFWDs\app\views\permissions\index.ctp, line 51]
2010-05-31 23:16:34 Debug: Notice (8): Undefined variable: myHtml in [C:\xampp\htdocs\fastFWDs\app\views\permissions\index.ctp, line 51]
2010-05-31 23:25:36 Debug: Notice (8): Undefined variable: myHtml in [C:\xampp\htdocs\fastFWDs\app\views\permissions\index.ctp, line 51]
2010-05-31 23:26:19 Debug: Notice (8): Undefined variable: myHtml in [C:\xampp\htdocs\fastFWDs\app\views\permissions\index.ctp, line 51]
2010-05-31 23:26:45 Debug: Notice (8): Undefined variable: myHtml in [C:\xampp\htdocs\fastFWDs\app\views\permissions\index.ctp, line 51]
2010-05-31 23:27:57 Debug: Notice (8): Undefined variable: myHtml in [C:\xampp\htdocs\fastFWDs\app\views\permissions\index.ctp, line 51]
2010-05-31 23:29:51 Debug: Notice (8): Undefined index:  ArosAcos in [C:\xampp\htdocs\fastFWDs\app\views\permissions\index.ctp, line 39]
2010-05-31 23:29:51 Debug: Notice (8): Undefined index:  ArosAcos in [C:\xampp\htdocs\fastFWDs\app\views\permissions\index.ctp, line 40]
2010-05-31 23:29:51 Debug: Notice (8): Undefined index:  ArosAcos in [C:\xampp\htdocs\fastFWDs\app\views\permissions\index.ctp, line 41]
2010-05-31 23:29:51 Debug: Notice (8): Undefined index:  ArosAcos in [C:\xampp\htdocs\fastFWDs\app\views\permissions\index.ctp, line 42]
2010-05-31 23:29:52 Debug: Notice (8): Undefined index:  ArosAcos in [C:\xampp\htdocs\fastFWDs\app\views\permissions\index.ctp, line 44]
2010-05-31 23:29:52 Debug: Notice (8): Undefined variable: myHtml in [C:\xampp\htdocs\fastFWDs\app\views\permissions\index.ctp, line 51]
2010-05-31 23:32:14 Debug: Notice (8): Undefined index:  ArosAcos in [C:\xampp\htdocs\fastFWDs\app\views\permissions\index.ctp, line 39]
2010-05-31 23:32:15 Debug: Notice (8): Undefined index:  ArosAcos in [C:\xampp\htdocs\fastFWDs\app\views\permissions\index.ctp, line 40]
2010-05-31 23:32:15 Debug: Notice (8): Undefined index:  ArosAcos in [C:\xampp\htdocs\fastFWDs\app\views\permissions\index.ctp, line 41]
2010-05-31 23:32:16 Debug: Notice (8): Undefined index:  ArosAcos in [C:\xampp\htdocs\fastFWDs\app\views\permissions\index.ctp, line 42]
2010-05-31 23:32:16 Debug: Notice (8): Undefined index:  ArosAcos in [C:\xampp\htdocs\fastFWDs\app\views\permissions\index.ctp, line 44]
2010-05-31 23:32:17 Debug: Notice (8): Undefined variable: myHtml in [C:\xampp\htdocs\fastFWDs\app\views\permissions\index.ctp, line 51]
2010-05-31 23:32:41 Debug: Notice (8): Undefined index:  ArosAcos in [C:\xampp\htdocs\fastFWDs\app\views\permissions\index.ctp, line 39]
2010-05-31 23:32:43 Debug: Notice (8): Undefined index:  ArosAcos in [C:\xampp\htdocs\fastFWDs\app\views\permissions\index.ctp, line 40]
2010-05-31 23:32:43 Debug: Notice (8): Undefined index:  ArosAcos in [C:\xampp\htdocs\fastFWDs\app\views\permissions\index.ctp, line 41]
2010-05-31 23:32:44 Debug: Notice (8): Undefined index:  ArosAcos in [C:\xampp\htdocs\fastFWDs\app\views\permissions\index.ctp, line 42]
2010-05-31 23:32:44 Debug: Notice (8): Undefined index:  ArosAcos in [C:\xampp\htdocs\fastFWDs\app\views\permissions\index.ctp, line 44]
2010-05-31 23:32:45 Debug: Notice (8): Undefined variable: myHtml in [C:\xampp\htdocs\fastFWDs\app\views\permissions\index.ctp, line 51]
2010-05-31 23:34:31 Debug: Notice (8): Undefined index:  ArosAcos in [C:\xampp\htdocs\fastFWDs\app\views\permissions\index.ctp, line 39]
2010-05-31 23:34:31 Debug: Notice (8): Undefined index:  ArosAcos in [C:\xampp\htdocs\fastFWDs\app\views\permissions\index.ctp, line 40]
2010-05-31 23:34:32 Debug: Notice (8): Undefined index:  ArosAcos in [C:\xampp\htdocs\fastFWDs\app\views\permissions\index.ctp, line 41]
2010-05-31 23:34:32 Debug: Notice (8): Undefined index:  ArosAcos in [C:\xampp\htdocs\fastFWDs\app\views\permissions\index.ctp, line 42]
2010-05-31 23:34:33 Debug: Notice (8): Undefined index:  ArosAcos in [C:\xampp\htdocs\fastFWDs\app\views\permissions\index.ctp, line 44]
2010-05-31 23:34:34 Debug: Notice (8): Undefined variable: myHtml in [C:\xampp\htdocs\fastFWDs\app\views\permissions\index.ctp, line 51]
2010-05-31 23:46:59 Debug: Notice (8): Undefined index:  ArosAcos in [C:\xampp\htdocs\fastFWDs\app\views\permissions\index.ctp, line 39]
2010-05-31 23:46:59 Debug: Notice (8): Undefined index:  ArosAcos in [C:\xampp\htdocs\fastFWDs\app\views\permissions\index.ctp, line 40]
2010-05-31 23:46:59 Debug: Notice (8): Undefined index:  ArosAcos in [C:\xampp\htdocs\fastFWDs\app\views\permissions\index.ctp, line 41]
2010-05-31 23:46:59 Debug: Notice (8): Undefined index:  ArosAcos in [C:\xampp\htdocs\fastFWDs\app\views\permissions\index.ctp, line 42]
2010-05-31 23:46:59 Debug: Notice (8): Undefined index:  ArosAcos in [C:\xampp\htdocs\fastFWDs\app\views\permissions\index.ctp, line 44]
2010-05-31 23:46:59 Debug: Notice (8): Undefined index:  before in [C:\xampp\htdocs\fastFWDs\cake\libs\view\helpers\form.php, line 843]
2010-05-31 23:46:59 Debug: Notice (8): Undefined index:  between in [C:\xampp\htdocs\fastFWDs\cake\libs\view\helpers\form.php, line 843]
2010-05-31 23:46:59 Debug: Notice (8): Undefined index:  after in [C:\xampp\htdocs\fastFWDs\cake\libs\view\helpers\form.php, line 843]
2010-05-31 23:46:59 Debug: Notice (8): Undefined index:  format in [C:\xampp\htdocs\fastFWDs\cake\libs\view\helpers\form.php, line 846]
2010-05-31 23:46:59 Debug: Notice (8): Undefined variable: myHtml in [C:\xampp\htdocs\fastFWDs\app\views\permissions\index.ctp, line 51]
2010-05-31 23:48:02 Debug: Notice (8): Undefined index:  ArosAcos in [C:\xampp\htdocs\fastFWDs\app\views\permissions\index.ctp, line 39]
2010-05-31 23:48:02 Debug: Notice (8): Undefined index:  ArosAcos in [C:\xampp\htdocs\fastFWDs\app\views\permissions\index.ctp, line 40]
2010-05-31 23:48:02 Debug: Notice (8): Undefined index:  ArosAcos in [C:\xampp\htdocs\fastFWDs\app\views\permissions\index.ctp, line 41]
2010-05-31 23:48:02 Debug: Notice (8): Undefined index:  ArosAcos in [C:\xampp\htdocs\fastFWDs\app\views\permissions\index.ctp, line 42]
2010-05-31 23:48:02 Debug: Notice (8): Undefined index:  ArosAcos in [C:\xampp\htdocs\fastFWDs\app\views\permissions\index.ctp, line 44]
2010-05-31 23:48:02 Debug: Notice (8): Undefined index:  before in [C:\xampp\htdocs\fastFWDs\cake\libs\view\helpers\form.php, line 843]
2010-05-31 23:48:02 Debug: Notice (8): Undefined index:  between in [C:\xampp\htdocs\fastFWDs\cake\libs\view\helpers\form.php, line 843]
2010-05-31 23:48:02 Debug: Notice (8): Undefined index:  after in [C:\xampp\htdocs\fastFWDs\cake\libs\view\helpers\form.php, line 843]
2010-05-31 23:48:02 Debug: Notice (8): Undefined index:  format in [C:\xampp\htdocs\fastFWDs\cake\libs\view\helpers\form.php, line 846]
2010-05-31 23:51:33 Debug: Notice (8): Undefined index:  before in [C:\xampp\htdocs\fastFWDs\cake\libs\view\helpers\form.php, line 843]
2010-05-31 23:51:33 Debug: Notice (8): Undefined index:  between in [C:\xampp\htdocs\fastFWDs\cake\libs\view\helpers\form.php, line 843]
2010-05-31 23:51:33 Debug: Notice (8): Undefined index:  after in [C:\xampp\htdocs\fastFWDs\cake\libs\view\helpers\form.php, line 843]
2010-05-31 23:51:33 Debug: Notice (8): Undefined index:  format in [C:\xampp\htdocs\fastFWDs\cake\libs\view\helpers\form.php, line 846]
2010-05-31 23:51:33 Debug: Notice (8): Undefined index:  ArosAcos in [C:\xampp\htdocs\fastFWDs\app\views\permissions\index.ctp, line 39]
2010-05-31 23:51:33 Debug: Notice (8): Undefined index:  ArosAcos in [C:\xampp\htdocs\fastFWDs\app\views\permissions\index.ctp, line 40]
2010-05-31 23:51:33 Debug: Notice (8): Undefined index:  ArosAcos in [C:\xampp\htdocs\fastFWDs\app\views\permissions\index.ctp, line 41]
2010-05-31 23:51:33 Debug: Notice (8): Undefined index:  ArosAcos in [C:\xampp\htdocs\fastFWDs\app\views\permissions\index.ctp, line 42]
2010-05-31 23:51:33 Debug: Notice (8): Undefined index:  ArosAcos in [C:\xampp\htdocs\fastFWDs\app\views\permissions\index.ctp, line 44]
2010-05-31 23:52:12 Debug: Notice (8): Undefined variable: group_list in [C:\xampp\htdocs\fastFWDs\app\views\permissions\index.ctp, line 10]
2010-05-31 23:52:12 Debug: Notice (8): Undefined index:  before in [C:\xampp\htdocs\fastFWDs\cake\libs\view\helpers\form.php, line 843]
2010-05-31 23:52:12 Debug: Notice (8): Undefined index:  between in [C:\xampp\htdocs\fastFWDs\cake\libs\view\helpers\form.php, line 843]
2010-05-31 23:52:12 Debug: Notice (8): Undefined index:  after in [C:\xampp\htdocs\fastFWDs\cake\libs\view\helpers\form.php, line 843]
2010-05-31 23:52:12 Debug: Notice (8): Undefined index:  format in [C:\xampp\htdocs\fastFWDs\cake\libs\view\helpers\form.php, line 846]
2010-05-31 23:52:12 Debug: Notice (8): Undefined index:  ArosAcos in [C:\xampp\htdocs\fastFWDs\app\views\permissions\index.ctp, line 39]
2010-05-31 23:52:12 Debug: Notice (8): Undefined index:  ArosAcos in [C:\xampp\htdocs\fastFWDs\app\views\permissions\index.ctp, line 40]
2010-05-31 23:52:12 Debug: Notice (8): Undefined index:  ArosAcos in [C:\xampp\htdocs\fastFWDs\app\views\permissions\index.ctp, line 41]
2010-05-31 23:52:12 Debug: Notice (8): Undefined index:  ArosAcos in [C:\xampp\htdocs\fastFWDs\app\views\permissions\index.ctp, line 42]
2010-05-31 23:52:12 Debug: Notice (8): Undefined index:  ArosAcos in [C:\xampp\htdocs\fastFWDs\app\views\permissions\index.ctp, line 44]
2010-05-31 23:52:12 Debug: Notice (8): Undefined variable: group_list in [C:\xampp\htdocs\fastFWDs\app\views\permissions\index.ctp, line 49]
2010-05-31 23:52:12 Debug: Notice (8): Undefined variable: object_list in [C:\xampp\htdocs\fastFWDs\app\views\permissions\index.ctp, line 50]
2010-05-31 23:52:56 Debug: Notice (8): Undefined index:  before in [C:\xampp\htdocs\fastFWDs\cake\libs\view\helpers\form.php, line 843]
2010-05-31 23:52:56 Debug: Notice (8): Undefined index:  between in [C:\xampp\htdocs\fastFWDs\cake\libs\view\helpers\form.php, line 843]
2010-05-31 23:52:56 Debug: Notice (8): Undefined index:  after in [C:\xampp\htdocs\fastFWDs\cake\libs\view\helpers\form.php, line 843]
2010-05-31 23:52:56 Debug: Notice (8): Undefined index:  format in [C:\xampp\htdocs\fastFWDs\cake\libs\view\helpers\form.php, line 846]
2010-05-31 23:52:56 Debug: Notice (8): Undefined index:  ArosAcos in [C:\xampp\htdocs\fastFWDs\app\views\permissions\index.ctp, line 39]
2010-05-31 23:52:56 Debug: Notice (8): Undefined index:  ArosAcos in [C:\xampp\htdocs\fastFWDs\app\views\permissions\index.ctp, line 40]
2010-05-31 23:52:56 Debug: Notice (8): Undefined index:  ArosAcos in [C:\xampp\htdocs\fastFWDs\app\views\permissions\index.ctp, line 41]
2010-05-31 23:52:56 Debug: Notice (8): Undefined index:  ArosAcos in [C:\xampp\htdocs\fastFWDs\app\views\permissions\index.ctp, line 42]
2010-05-31 23:52:56 Debug: Notice (8): Undefined index:  ArosAcos in [C:\xampp\htdocs\fastFWDs\app\views\permissions\index.ctp, line 44]
2010-05-31 23:52:56 Debug: Notice (8): Undefined variable: group_list in [C:\xampp\htdocs\fastFWDs\app\views\permissions\index.ctp, line 49]
2010-05-31 23:52:56 Debug: Notice (8): Undefined variable: object_list in [C:\xampp\htdocs\fastFWDs\app\views\permissions\index.ctp, line 50]
