2010-05-31 16:42:56 Warning: Warning (512): Method HtmlHelper::input does not exist in [C:\xampp\htdocs\fastFWDs\cake\libs\view\helper.php, line 154]
2010-05-31 16:42:56 Warning: Warning (512): Method HtmlHelper::password does not exist in [C:\xampp\htdocs\fastFWDs\cake\libs\view\helper.php, line 154]
2010-05-31 16:42:56 Warning: Warning (512): Method HtmlHelper::submit does not exist in [C:\xampp\htdocs\fastFWDs\cake\libs\view\helper.php, line 154]
2010-05-31 16:42:57 Warning: Warning (512): Method HtmlHelper::input does not exist in [C:\xampp\htdocs\fastFWDs\cake\libs\view\helper.php, line 154]
2010-05-31 16:42:57 Warning: Warning (512): Method HtmlHelper::password does not exist in [C:\xampp\htdocs\fastFWDs\cake\libs\view\helper.php, line 154]
2010-05-31 16:42:57 Warning: Warning (512): Method HtmlHelper::submit does not exist in [C:\xampp\htdocs\fastFWDs\cake\libs\view\helper.php, line 154]
2010-05-31 16:44:20 Warning: Warning (512): Method HtmlHelper::input does not exist in [C:\xampp\htdocs\fastFWDs\cake\libs\view\helper.php, line 154]
2010-05-31 16:44:20 Warning: Warning (512): Method HtmlHelper::password does not exist in [C:\xampp\htdocs\fastFWDs\cake\libs\view\helper.php, line 154]
2010-05-31 16:44:20 Warning: Warning (512): Method HtmlHelper::submit does not exist in [C:\xampp\htdocs\fastFWDs\cake\libs\view\helper.php, line 154]
2010-05-31 16:44:20 Warning: Warning (512): Method HtmlHelper::input does not exist in [C:\xampp\htdocs\fastFWDs\cake\libs\view\helper.php, line 154]
2010-05-31 16:44:20 Warning: Warning (512): Method HtmlHelper::password does not exist in [C:\xampp\htdocs\fastFWDs\cake\libs\view\helper.php, line 154]
2010-05-31 16:44:20 Warning: Warning (512): Method HtmlHelper::submit does not exist in [C:\xampp\htdocs\fastFWDs\cake\libs\view\helper.php, line 154]
2010-05-31 16:48:05 Warning: Warning (512): Method HtmlHelper::input does not exist in [C:\xampp\htdocs\fastFWDs\cake\libs\view\helper.php, line 154]
2010-05-31 16:48:05 Warning: Warning (512): Method HtmlHelper::password does not exist in [C:\xampp\htdocs\fastFWDs\cake\libs\view\helper.php, line 154]
2010-05-31 16:48:05 Warning: Warning (512): Method HtmlHelper::submit does not exist in [C:\xampp\htdocs\fastFWDs\cake\libs\view\helper.php, line 154]
2010-05-31 16:48:06 Warning: Warning (512): Method HtmlHelper::input does not exist in [C:\xampp\htdocs\fastFWDs\cake\libs\view\helper.php, line 154]
2010-05-31 16:48:06 Warning: Warning (512): Method HtmlHelper::password does not exist in [C:\xampp\htdocs\fastFWDs\cake\libs\view\helper.php, line 154]
2010-05-31 16:48:06 Warning: Warning (512): Method HtmlHelper::submit does not exist in [C:\xampp\htdocs\fastFWDs\cake\libs\view\helper.php, line 154]
2010-05-31 16:53:06 Warning: Warning (512): Method HtmlHelper::input does not exist in [C:\xampp\htdocs\fastFWDs\cake\libs\view\helper.php, line 154]
2010-05-31 16:53:06 Warning: Warning (512): Method HtmlHelper::password does not exist in [C:\xampp\htdocs\fastFWDs\cake\libs\view\helper.php, line 154]
2010-05-31 16:53:06 Warning: Warning (512): Method HtmlHelper::submit does not exist in [C:\xampp\htdocs\fastFWDs\cake\libs\view\helper.php, line 154]
2010-05-31 16:53:07 Warning: Warning (512): Method HtmlHelper::input does not exist in [C:\xampp\htdocs\fastFWDs\cake\libs\view\helper.php, line 154]
2010-05-31 16:53:07 Warning: Warning (512): Method HtmlHelper::password does not exist in [C:\xampp\htdocs\fastFWDs\cake\libs\view\helper.php, line 154]
2010-05-31 16:53:07 Warning: Warning (512): Method HtmlHelper::submit does not exist in [C:\xampp\htdocs\fastFWDs\cake\libs\view\helper.php, line 154]
2010-05-31 16:58:01 Warning: Warning (512): Method HtmlHelper::input does not exist in [C:\xampp\htdocs\fastFWDs\cake\libs\view\helper.php, line 154]
2010-05-31 16:58:01 Warning: Warning (512): Method HtmlHelper::password does not exist in [C:\xampp\htdocs\fastFWDs\cake\libs\view\helper.php, line 154]
2010-05-31 16:58:01 Warning: Warning (512): Method HtmlHelper::submit does not exist in [C:\xampp\htdocs\fastFWDs\cake\libs\view\helper.php, line 154]
2010-05-31 16:58:02 Warning: Warning (512): Method HtmlHelper::input does not exist in [C:\xampp\htdocs\fastFWDs\cake\libs\view\helper.php, line 154]
2010-05-31 16:58:02 Warning: Warning (512): Method HtmlHelper::password does not exist in [C:\xampp\htdocs\fastFWDs\cake\libs\view\helper.php, line 154]
2010-05-31 16:58:02 Warning: Warning (512): Method HtmlHelper::submit does not exist in [C:\xampp\htdocs\fastFWDs\cake\libs\view\helper.php, line 154]
2010-05-31 16:58:21 Warning: Warning (512): Method HtmlHelper::input does not exist in [C:\xampp\htdocs\fastFWDs\cake\libs\view\helper.php, line 154]
2010-05-31 16:58:21 Warning: Warning (512): Method HtmlHelper::password does not exist in [C:\xampp\htdocs\fastFWDs\cake\libs\view\helper.php, line 154]
2010-05-31 16:58:21 Warning: Warning (512): Method HtmlHelper::submit does not exist in [C:\xampp\htdocs\fastFWDs\cake\libs\view\helper.php, line 154]
2010-05-31 16:58:22 Warning: Warning (512): Method HtmlHelper::input does not exist in [C:\xampp\htdocs\fastFWDs\cake\libs\view\helper.php, line 154]
2010-05-31 16:58:22 Warning: Warning (512): Method HtmlHelper::password does not exist in [C:\xampp\htdocs\fastFWDs\cake\libs\view\helper.php, line 154]
2010-05-31 16:58:22 Warning: Warning (512): Method HtmlHelper::submit does not exist in [C:\xampp\htdocs\fastFWDs\cake\libs\view\helper.php, line 154]
2010-05-31 16:58:49 Warning: Warning (512): Method HtmlHelper::input does not exist in [C:\xampp\htdocs\fastFWDs\cake\libs\view\helper.php, line 154]
2010-05-31 16:58:49 Warning: Warning (512): Method HtmlHelper::password does not exist in [C:\xampp\htdocs\fastFWDs\cake\libs\view\helper.php, line 154]
2010-05-31 16:58:49 Warning: Warning (512): Method HtmlHelper::submit does not exist in [C:\xampp\htdocs\fastFWDs\cake\libs\view\helper.php, line 154]
2010-05-31 16:58:49 Warning: Warning (512): Method HtmlHelper::input does not exist in [C:\xampp\htdocs\fastFWDs\cake\libs\view\helper.php, line 154]
2010-05-31 16:58:49 Warning: Warning (512): Method HtmlHelper::password does not exist in [C:\xampp\htdocs\fastFWDs\cake\libs\view\helper.php, line 154]
2010-05-31 16:58:49 Warning: Warning (512): Method HtmlHelper::submit does not exist in [C:\xampp\htdocs\fastFWDs\cake\libs\view\helper.php, line 154]
2010-05-31 22:57:09 Warning: Warning (512): <span style="color:Red;text-align:left"><b>SQL Error:</b> 1064: You have an error in your SQL syntax; check the manual that corresponds to your MySQL server version for the right syntax to use near 'findAll' at line 1</span> in [C:\xampp\htdocs\fastFWDs\cake\libs\model\datasources\dbo_source.php, line 666]
2010-05-31 22:57:10 Warning: Warning (512): <span style="color:Red;text-align:left"><b>SQL Error:</b> 1064: You have an error in your SQL syntax; check the manual that corresponds to your MySQL server version for the right syntax to use near 'generateList' at line 1</span> in [C:\xampp\htdocs\fastFWDs\cake\libs\model\datasources\dbo_source.php, line 666]
2010-05-31 22:58:11 Warning: Warning (512): <span style="color:Red;text-align:left"><b>SQL Error:</b> 1064: You have an error in your SQL syntax; check the manual that corresponds to your MySQL server version for the right syntax to use near 'findAll' at line 1</span> in [C:\xampp\htdocs\fastFWDs\cake\libs\model\datasources\dbo_source.php, line 666]
2010-05-31 22:58:11 Warning: Warning (512): <span style="color:Red;text-align:left"><b>SQL Error:</b> 1064: You have an error in your SQL syntax; check the manual that corresponds to your MySQL server version for the right syntax to use near 'generateList' at line 1</span> in [C:\xampp\htdocs\fastFWDs\cake\libs\model\datasources\dbo_source.php, line 666]
2010-05-31 22:58:52 Warning: Warning (512): <span style="color:Red;text-align:left"><b>SQL Error:</b> 1064: You have an error in your SQL syntax; check the manual that corresponds to your MySQL server version for the right syntax to use near 'findAll' at line 1</span> in [C:\xampp\htdocs\fastFWDs\cake\libs\model\datasources\dbo_source.php, line 666]
2010-05-31 22:58:52 Warning: Warning (512): <span style="color:Red;text-align:left"><b>SQL Error:</b> 1064: You have an error in your SQL syntax; check the manual that corresponds to your MySQL server version for the right syntax to use near 'generateList' at line 1</span> in [C:\xampp\htdocs\fastFWDs\cake\libs\model\datasources\dbo_source.php, line 666]
2010-05-31 22:59:04 Warning: Warning (512): <span style="color:Red;text-align:left"><b>SQL Error:</b> 1064: You have an error in your SQL syntax; check the manual that corresponds to your MySQL server version for the right syntax to use near 'findAll' at line 1</span> in [C:\xampp\htdocs\fastFWDs\cake\libs\model\datasources\dbo_source.php, line 666]
2010-05-31 22:59:04 Warning: Warning (512): <span style="color:Red;text-align:left"><b>SQL Error:</b> 1064: You have an error in your SQL syntax; check the manual that corresponds to your MySQL server version for the right syntax to use near 'generateList' at line 1</span> in [C:\xampp\htdocs\fastFWDs\cake\libs\model\datasources\dbo_source.php, line 666]
2010-05-31 22:59:04 Warning: Warning (512): Method HtmlHelper::selectTag does not exist in [C:\xampp\htdocs\fastFWDs\cake\libs\view\helper.php, line 154]
2010-05-31 22:59:04 Warning: Warning (512): Method HtmlHelper::tagErrorMsg does not exist in [C:\xampp\htdocs\fastFWDs\cake\libs\view\helper.php, line 154]
2010-05-31 22:59:04 Warning: Warning (512): Method HtmlHelper::submit does not exist in [C:\xampp\htdocs\fastFWDs\cake\libs\view\helper.php, line 154]
2010-05-31 22:59:04 Warning: Warning (2): Invalid argument supplied for foreach() in [C:\xampp\htdocs\fastFWDs\app\views\permissions\index.ctp, line 41]
2010-05-31 23:00:16 Warning: Warning (512): <span style="color:Red;text-align:left"><b>SQL Error:</b> 1054: Unknown column 'object_id' in 'where clause'</span> in [C:\xampp\htdocs\fastFWDs\cake\libs\model\datasources\dbo_source.php, line 666]
2010-05-31 23:00:16 Warning: Warning (512): <span style="color:Red;text-align:left"><b>SQL Error:</b> 1064: You have an error in your SQL syntax; check the manual that corresponds to your MySQL server version for the right syntax to use near 'findAll' at line 1</span> in [C:\xampp\htdocs\fastFWDs\cake\libs\model\datasources\dbo_source.php, line 666]
2010-05-31 23:00:16 Warning: Warning (512): <span style="color:Red;text-align:left"><b>SQL Error:</b> 1064: You have an error in your SQL syntax; check the manual that corresponds to your MySQL server version for the right syntax to use near 'generateList' at line 1</span> in [C:\xampp\htdocs\fastFWDs\cake\libs\model\datasources\dbo_source.php, line 666]
2010-05-31 23:00:16 Warning: Warning (512): Method HtmlHelper::selectTag does not exist in [C:\xampp\htdocs\fastFWDs\cake\libs\view\helper.php, line 154]
2010-05-31 23:00:16 Warning: Warning (512): Method HtmlHelper::tagErrorMsg does not exist in [C:\xampp\htdocs\fastFWDs\cake\libs\view\helper.php, line 154]
2010-05-31 23:00:16 Warning: Warning (512): Method HtmlHelper::submit does not exist in [C:\xampp\htdocs\fastFWDs\cake\libs\view\helper.php, line 154]
2010-05-31 23:00:16 Warning: Warning (2): Invalid argument supplied for foreach() in [C:\xampp\htdocs\fastFWDs\app\views\permissions\index.ctp, line 41]
2010-05-31 23:01:08 Warning: Warning (512): <span style="color:Red;text-align:left"><b>SQL Error:</b> 1064: You have an error in your SQL syntax; check the manual that corresponds to your MySQL server version for the right syntax to use near 'findAll' at line 1</span> in [C:\xampp\htdocs\fastFWDs\cake\libs\model\datasources\dbo_source.php, line 666]
2010-05-31 23:01:08 Warning: Warning (512): <span style="color:Red;text-align:left"><b>SQL Error:</b> 1064: You have an error in your SQL syntax; check the manual that corresponds to your MySQL server version for the right syntax to use near 'generateList' at line 1</span> in [C:\xampp\htdocs\fastFWDs\cake\libs\model\datasources\dbo_source.php, line 666]
2010-05-31 23:01:08 Warning: Warning (512): Method HtmlHelper::selectTag does not exist in [C:\xampp\htdocs\fastFWDs\cake\libs\view\helper.php, line 154]
2010-05-31 23:01:08 Warning: Warning (512): Method HtmlHelper::tagErrorMsg does not exist in [C:\xampp\htdocs\fastFWDs\cake\libs\view\helper.php, line 154]
2010-05-31 23:01:08 Warning: Warning (512): Method HtmlHelper::submit does not exist in [C:\xampp\htdocs\fastFWDs\cake\libs\view\helper.php, line 154]
2010-05-31 23:01:08 Warning: Warning (2): Invalid argument supplied for foreach() in [C:\xampp\htdocs\fastFWDs\app\views\permissions\index.ctp, line 41]
2010-05-31 23:01:42 Warning: Warning (512): <span style="color:Red;text-align:left"><b>SQL Error:</b> 1064: You have an error in your SQL syntax; check the manual that corresponds to your MySQL server version for the right syntax to use near 'findAll' at line 1</span> in [C:\xampp\htdocs\fastFWDs\cake\libs\model\datasources\dbo_source.php, line 666]
2010-05-31 23:01:42 Warning: Warning (512): <span style="color:Red;text-align:left"><b>SQL Error:</b> 1064: You have an error in your SQL syntax; check the manual that corresponds to your MySQL server version for the right syntax to use near 'generateList' at line 1</span> in [C:\xampp\htdocs\fastFWDs\cake\libs\model\datasources\dbo_source.php, line 666]
2010-05-31 23:01:42 Warning: Warning (512): Method HtmlHelper::selectTag does not exist in [C:\xampp\htdocs\fastFWDs\cake\libs\view\helper.php, line 154]
2010-05-31 23:01:42 Warning: Warning (512): Method HtmlHelper::tagErrorMsg does not exist in [C:\xampp\htdocs\fastFWDs\cake\libs\view\helper.php, line 154]
2010-05-31 23:01:42 Warning: Warning (512): Method HtmlHelper::submit does not exist in [C:\xampp\htdocs\fastFWDs\cake\libs\view\helper.php, line 154]
2010-05-31 23:01:42 Warning: Warning (2): Invalid argument supplied for foreach() in [C:\xampp\htdocs\fastFWDs\app\views\permissions\index.ctp, line 30]
2010-05-31 23:16:33 Warning: Warning (512): <span style="color:Red;text-align:left"><b>SQL Error:</b> 1064: You have an error in your SQL syntax; check the manual that corresponds to your MySQL server version for the right syntax to use near 'FROM `acos` AS `Aco`   WHERE All    LIMIT 1' at line 1</span> in [C:\xampp\htdocs\fastFWDs\cake\libs\model\datasources\dbo_source.php, line 666]
2010-05-31 23:16:33 Warning: Warning (512): <span style="color:Red;text-align:left"><b>SQL Error:</b> 1064: You have an error in your SQL syntax; check the manual that corresponds to your MySQL server version for the right syntax to use near 'findAll' at line 1</span> in [C:\xampp\htdocs\fastFWDs\cake\libs\model\datasources\dbo_source.php, line 666]
2010-05-31 23:16:33 Warning: Warning (512): <span style="color:Red;text-align:left"><b>SQL Error:</b> 1064: You have an error in your SQL syntax; check the manual that corresponds to your MySQL server version for the right syntax to use near 'FROM `aros` AS `Aro`   WHERE All    LIMIT 1' at line 1</span> in [C:\xampp\htdocs\fastFWDs\cake\libs\model\datasources\dbo_source.php, line 666]
2010-05-31 23:16:34 Warning: Warning (512): <span style="color:Red;text-align:left"><b>SQL Error:</b> 1064: You have an error in your SQL syntax; check the manual that corresponds to your MySQL server version for the right syntax to use near 'generateList' at line 1</span> in [C:\xampp\htdocs\fastFWDs\cake\libs\model\datasources\dbo_source.php, line 666]
2010-05-31 23:16:34 Warning: Warning (512): Method HtmlHelper::selectTag does not exist in [C:\xampp\htdocs\fastFWDs\cake\libs\view\helper.php, line 154]
2010-05-31 23:16:34 Warning: Warning (512): Method HtmlHelper::tagErrorMsg does not exist in [C:\xampp\htdocs\fastFWDs\cake\libs\view\helper.php, line 154]
2010-05-31 23:16:34 Warning: Warning (512): Method HtmlHelper::submit does not exist in [C:\xampp\htdocs\fastFWDs\cake\libs\view\helper.php, line 154]
2010-05-31 23:16:34 Warning: Warning (2): Invalid argument supplied for foreach() in [C:\xampp\htdocs\fastFWDs\app\views\permissions\index.ctp, line 30]
2010-05-31 23:25:35 Warning: Warning (512): <span style="color:Red;text-align:left"><b>SQL Error:</b> 1064: You have an error in your SQL syntax; check the manual that corresponds to your MySQL server version for the right syntax to use near 'WHERE object_id = 0 ORDER BY 'id' ASC FROM `acos` AS `Aco`   WHERE All    LIMIT ' at line 1</span> in [C:\xampp\htdocs\fastFWDs\cake\libs\model\datasources\dbo_source.php, line 666]
2010-05-31 23:25:35 Warning: Warning (512): <span style="color:Red;text-align:left"><b>SQL Error:</b> 1064: You have an error in your SQL syntax; check the manual that corresponds to your MySQL server version for the right syntax to use near 'findAll' at line 1</span> in [C:\xampp\htdocs\fastFWDs\cake\libs\model\datasources\dbo_source.php, line 666]
2010-05-31 23:25:35 Warning: Warning (512): <span style="color:Red;text-align:left"><b>SQL Error:</b> 1064: You have an error in your SQL syntax; check the manual that corresponds to your MySQL server version for the right syntax to use near 'WHERE foreign_key = 0 ORDER BY 'id' ASC FROM `aros` AS `Aro`   WHERE All    LIMI' at line 1</span> in [C:\xampp\htdocs\fastFWDs\cake\libs\model\datasources\dbo_source.php, line 666]
2010-05-31 23:25:35 Warning: Warning (512): <span style="color:Red;text-align:left"><b>SQL Error:</b> 1064: You have an error in your SQL syntax; check the manual that corresponds to your MySQL server version for the right syntax to use near 'generateList' at line 1</span> in [C:\xampp\htdocs\fastFWDs\cake\libs\model\datasources\dbo_source.php, line 666]
2010-05-31 23:25:35 Warning: Warning (512): Method HtmlHelper::selectTag does not exist in [C:\xampp\htdocs\fastFWDs\cake\libs\view\helper.php, line 154]
2010-05-31 23:25:35 Warning: Warning (512): Method HtmlHelper::tagErrorMsg does not exist in [C:\xampp\htdocs\fastFWDs\cake\libs\view\helper.php, line 154]
2010-05-31 23:25:36 Warning: Warning (512): Method HtmlHelper::submit does not exist in [C:\xampp\htdocs\fastFWDs\cake\libs\view\helper.php, line 154]
2010-05-31 23:25:36 Warning: Warning (2): Invalid argument supplied for foreach() in [C:\xampp\htdocs\fastFWDs\app\views\permissions\index.ctp, line 30]
2010-05-31 23:26:19 Warning: Warning (512): <span style="color:Red;text-align:left"><b>SQL Error:</b> 1054: Unknown column 'Aco.All' in 'field list'</span> in [C:\xampp\htdocs\fastFWDs\cake\libs\model\datasources\dbo_source.php, line 666]
2010-05-31 23:26:19 Warning: Warning (512): <span style="color:Red;text-align:left"><b>SQL Error:</b> 1064: You have an error in your SQL syntax; check the manual that corresponds to your MySQL server version for the right syntax to use near 'findAll' at line 1</span> in [C:\xampp\htdocs\fastFWDs\cake\libs\model\datasources\dbo_source.php, line 666]
2010-05-31 23:26:19 Warning: Warning (512): <span style="color:Red;text-align:left"><b>SQL Error:</b> 1064: You have an error in your SQL syntax; check the manual that corresponds to your MySQL server version for the right syntax to use near 'WHERE foreign_key = 0 ORDER BY 'id' ASC FROM `aros` AS `Aro`   WHERE All    LIMI' at line 1</span> in [C:\xampp\htdocs\fastFWDs\cake\libs\model\datasources\dbo_source.php, line 666]
2010-05-31 23:26:19 Warning: Warning (512): <span style="color:Red;text-align:left"><b>SQL Error:</b> 1064: You have an error in your SQL syntax; check the manual that corresponds to your MySQL server version for the right syntax to use near 'generateList' at line 1</span> in [C:\xampp\htdocs\fastFWDs\cake\libs\model\datasources\dbo_source.php, line 666]
2010-05-31 23:26:19 Warning: Warning (512): Method HtmlHelper::selectTag does not exist in [C:\xampp\htdocs\fastFWDs\cake\libs\view\helper.php, line 154]
2010-05-31 23:26:19 Warning: Warning (512): Method HtmlHelper::tagErrorMsg does not exist in [C:\xampp\htdocs\fastFWDs\cake\libs\view\helper.php, line 154]
2010-05-31 23:26:19 Warning: Warning (512): Method HtmlHelper::submit does not exist in [C:\xampp\htdocs\fastFWDs\cake\libs\view\helper.php, line 154]
2010-05-31 23:26:19 Warning: Warning (2): Invalid argument supplied for foreach() in [C:\xampp\htdocs\fastFWDs\app\views\permissions\index.ctp, line 30]
2010-05-31 23:26:45 Warning: Warning (512): <span style="color:Red;text-align:left"><b>SQL Error:</b> 1054: Unknown column 'object_id' in 'where clause'</span> in [C:\xampp\htdocs\fastFWDs\cake\libs\model\datasources\dbo_source.php, line 666]
2010-05-31 23:26:45 Warning: Warning (512): <span style="color:Red;text-align:left"><b>SQL Error:</b> 1064: You have an error in your SQL syntax; check the manual that corresponds to your MySQL server version for the right syntax to use near 'findAll' at line 1</span> in [C:\xampp\htdocs\fastFWDs\cake\libs\model\datasources\dbo_source.php, line 666]
2010-05-31 23:26:45 Warning: Warning (512): <span style="color:Red;text-align:left"><b>SQL Error:</b> 1064: You have an error in your SQL syntax; check the manual that corresponds to your MySQL server version for the right syntax to use near 'WHERE foreign_key = 0 ORDER BY 'id' ASC FROM `aros` AS `Aro`   WHERE All    LIMI' at line 1</span> in [C:\xampp\htdocs\fastFWDs\cake\libs\model\datasources\dbo_source.php, line 666]
2010-05-31 23:26:45 Warning: Warning (512): <span style="color:Red;text-align:left"><b>SQL Error:</b> 1064: You have an error in your SQL syntax; check the manual that corresponds to your MySQL server version for the right syntax to use near 'generateList' at line 1</span> in [C:\xampp\htdocs\fastFWDs\cake\libs\model\datasources\dbo_source.php, line 666]
2010-05-31 23:26:45 Warning: Warning (512): Method HtmlHelper::selectTag does not exist in [C:\xampp\htdocs\fastFWDs\cake\libs\view\helper.php, line 154]
2010-05-31 23:26:45 Warning: Warning (512): Method HtmlHelper::tagErrorMsg does not exist in [C:\xampp\htdocs\fastFWDs\cake\libs\view\helper.php, line 154]
2010-05-31 23:26:45 Warning: Warning (512): Method HtmlHelper::submit does not exist in [C:\xampp\htdocs\fastFWDs\cake\libs\view\helper.php, line 154]
2010-05-31 23:26:45 Warning: Warning (2): Invalid argument supplied for foreach() in [C:\xampp\htdocs\fastFWDs\app\views\permissions\index.ctp, line 30]
2010-05-31 23:27:56 Warning: Warning (512): <span style="color:Red;text-align:left"><b>SQL Error:</b> 1054: Unknown column 'object_id' in 'where clause'</span> in [C:\xampp\htdocs\fastFWDs\cake\libs\model\datasources\dbo_source.php, line 666]
2010-05-31 23:27:56 Warning: Warning (512): <span style="color:Red;text-align:left"><b>SQL Error:</b> 1064: You have an error in your SQL syntax; check the manual that corresponds to your MySQL server version for the right syntax to use near 'findAll' at line 1</span> in [C:\xampp\htdocs\fastFWDs\cake\libs\model\datasources\dbo_source.php, line 666]
2010-05-31 23:27:56 Warning: Warning (512): <span style="color:Red;text-align:left"><b>SQL Error:</b> 1064: You have an error in your SQL syntax; check the manual that corresponds to your MySQL server version for the right syntax to use near 'generateList' at line 1</span> in [C:\xampp\htdocs\fastFWDs\cake\libs\model\datasources\dbo_source.php, line 666]
2010-05-31 23:27:56 Warning: Warning (512): Method HtmlHelper::selectTag does not exist in [C:\xampp\htdocs\fastFWDs\cake\libs\view\helper.php, line 154]
2010-05-31 23:27:56 Warning: Warning (512): Method HtmlHelper::tagErrorMsg does not exist in [C:\xampp\htdocs\fastFWDs\cake\libs\view\helper.php, line 154]
2010-05-31 23:27:56 Warning: Warning (512): Method HtmlHelper::submit does not exist in [C:\xampp\htdocs\fastFWDs\cake\libs\view\helper.php, line 154]
2010-05-31 23:27:56 Warning: Warning (2): Invalid argument supplied for foreach() in [C:\xampp\htdocs\fastFWDs\app\views\permissions\index.ctp, line 30]
2010-05-31 23:29:51 Warning: Warning (512): <span style="color:Red;text-align:left"><b>SQL Error:</b> 1054: Unknown column 'object_id' in 'where clause'</span> in [C:\xampp\htdocs\fastFWDs\cake\libs\model\datasources\dbo_source.php, line 666]
2010-05-31 23:29:51 Warning: Warning (512): <span style="color:Red;text-align:left"><b>SQL Error:</b> 1064: You have an error in your SQL syntax; check the manual that corresponds to your MySQL server version for the right syntax to use near 'generateList' at line 1</span> in [C:\xampp\htdocs\fastFWDs\cake\libs\model\datasources\dbo_source.php, line 666]
2010-05-31 23:29:51 Warning: Warning (512): Method HtmlHelper::selectTag does not exist in [C:\xampp\htdocs\fastFWDs\cake\libs\view\helper.php, line 154]
2010-05-31 23:29:51 Warning: Warning (512): Method HtmlHelper::tagErrorMsg does not exist in [C:\xampp\htdocs\fastFWDs\cake\libs\view\helper.php, line 154]
2010-05-31 23:29:51 Warning: Warning (512): Method HtmlHelper::submit does not exist in [C:\xampp\htdocs\fastFWDs\cake\libs\view\helper.php, line 154]
2010-05-31 23:29:51 Warning: Warning (2): Invalid argument supplied for foreach() in [C:\xampp\htdocs\fastFWDs\app\views\permissions\index.ctp, line 33]
2010-05-31 23:29:51 Warning: Warning (2): Invalid argument supplied for foreach() in [C:\xampp\htdocs\fastFWDs\app\views\permissions\index.ctp, line 36]
2010-05-31 23:32:10 Warning: Warning (512): <span style="color:Red;text-align:left"><b>SQL Error:</b> 1064: You have an error in your SQL syntax; check the manual that corresponds to your MySQL server version for the right syntax to use near 'generateList' at line 1</span> in [C:\xampp\htdocs\fastFWDs\cake\libs\model\datasources\dbo_source.php, line 666]
2010-05-31 23:32:12 Warning: Warning (512): Method HtmlHelper::selectTag does not exist in [C:\xampp\htdocs\fastFWDs\cake\libs\view\helper.php, line 154]
2010-05-31 23:32:12 Warning: Warning (512): Method HtmlHelper::tagErrorMsg does not exist in [C:\xampp\htdocs\fastFWDs\cake\libs\view\helper.php, line 154]
2010-05-31 23:32:13 Warning: Warning (512): Method HtmlHelper::submit does not exist in [C:\xampp\htdocs\fastFWDs\cake\libs\view\helper.php, line 154]
2010-05-31 23:32:13 Warning: Warning (2): Invalid argument supplied for foreach() in [C:\xampp\htdocs\fastFWDs\app\views\permissions\index.ctp, line 33]
2010-05-31 23:32:14 Warning: Warning (2): Invalid argument supplied for foreach() in [C:\xampp\htdocs\fastFWDs\app\views\permissions\index.ctp, line 36]
2010-05-31 23:32:35 Warning: Warning (512): <span style="color:Red;text-align:left"><b>SQL Error:</b> 1064: You have an error in your SQL syntax; check the manual that corresponds to your MySQL server version for the right syntax to use near 'generateList' at line 1</span> in [C:\xampp\htdocs\fastFWDs\cake\libs\model\datasources\dbo_source.php, line 666]
2010-05-31 23:32:38 Warning: Warning (512): Method HtmlHelper::selectTag does not exist in [C:\xampp\htdocs\fastFWDs\cake\libs\view\helper.php, line 154]
2010-05-31 23:32:39 Warning: Warning (512): Method HtmlHelper::tagErrorMsg does not exist in [C:\xampp\htdocs\fastFWDs\cake\libs\view\helper.php, line 154]
2010-05-31 23:32:39 Warning: Warning (512): Method HtmlHelper::submit does not exist in [C:\xampp\htdocs\fastFWDs\cake\libs\view\helper.php, line 154]
2010-05-31 23:32:40 Warning: Warning (2): Invalid argument supplied for foreach() in [C:\xampp\htdocs\fastFWDs\app\views\permissions\index.ctp, line 33]
2010-05-31 23:32:41 Warning: Warning (2): Invalid argument supplied for foreach() in [C:\xampp\htdocs\fastFWDs\app\views\permissions\index.ctp, line 36]
2010-05-31 23:34:25 Warning: Warning (512): <span style="color:Red;text-align:left"><b>SQL Error:</b> 1064: You have an error in your SQL syntax; check the manual that corresponds to your MySQL server version for the right syntax to use near 'generate' at line 1</span> in [C:\xampp\htdocs\fastFWDs\cake\libs\model\datasources\dbo_source.php, line 666]
2010-05-31 23:34:28 Warning: Warning (512): Method HtmlHelper::selectTag does not exist in [C:\xampp\htdocs\fastFWDs\cake\libs\view\helper.php, line 154]
2010-05-31 23:34:28 Warning: Warning (512): Method HtmlHelper::tagErrorMsg does not exist in [C:\xampp\htdocs\fastFWDs\cake\libs\view\helper.php, line 154]
2010-05-31 23:34:29 Warning: Warning (512): Method HtmlHelper::submit does not exist in [C:\xampp\htdocs\fastFWDs\cake\libs\view\helper.php, line 154]
2010-05-31 23:34:30 Warning: Warning (2): Invalid argument supplied for foreach() in [C:\xampp\htdocs\fastFWDs\app\views\permissions\index.ctp, line 33]
2010-05-31 23:34:30 Warning: Warning (2): Invalid argument supplied for foreach() in [C:\xampp\htdocs\fastFWDs\app\views\permissions\index.ctp, line 36]
2010-05-31 23:46:59 Warning: Warning (512): <span style="color:Red;text-align:left"><b>SQL Error:</b> 1064: You have an error in your SQL syntax; check the manual that corresponds to your MySQL server version for the right syntax to use near 'generateList' at line 1</span> in [C:\xampp\htdocs\fastFWDs\cake\libs\model\datasources\dbo_source.php, line 666]
2010-05-31 23:46:59 Warning: Warning (512): Method HtmlHelper::selectTag does not exist in [C:\xampp\htdocs\fastFWDs\cake\libs\view\helper.php, line 154]
2010-05-31 23:46:59 Warning: Warning (512): Method HtmlHelper::tagErrorMsg does not exist in [C:\xampp\htdocs\fastFWDs\cake\libs\view\helper.php, line 154]
2010-05-31 23:46:59 Warning: Warning (512): Method HtmlHelper::submit does not exist in [C:\xampp\htdocs\fastFWDs\cake\libs\view\helper.php, line 154]
2010-05-31 23:46:59 Warning: Warning (2): Invalid argument supplied for foreach() in [C:\xampp\htdocs\fastFWDs\app\views\permissions\index.ctp, line 33]
2010-05-31 23:46:59 Warning: Warning (2): Invalid argument supplied for foreach() in [C:\xampp\htdocs\fastFWDs\app\views\permissions\index.ctp, line 36]
2010-05-31 23:46:59 Warning: Warning (2): array_merge() [<a href='http://php.net/function.array-merge'>function.array-merge</a>]: Argument #3 is not an array in [C:\xampp\htdocs\fastFWDs\cake\libs\view\helpers\form.php, line 704]
2010-05-31 23:48:02 Warning: Warning (512): <span style="color:Red;text-align:left"><b>SQL Error:</b> 1064: You have an error in your SQL syntax; check the manual that corresponds to your MySQL server version for the right syntax to use near 'generateList' at line 1</span> in [C:\xampp\htdocs\fastFWDs\cake\libs\model\datasources\dbo_source.php, line 666]
2010-05-31 23:48:02 Warning: Warning (512): Method HtmlHelper::selectTag does not exist in [C:\xampp\htdocs\fastFWDs\cake\libs\view\helper.php, line 154]
2010-05-31 23:48:02 Warning: Warning (512): Method HtmlHelper::tagErrorMsg does not exist in [C:\xampp\htdocs\fastFWDs\cake\libs\view\helper.php, line 154]
2010-05-31 23:48:02 Warning: Warning (512): Method HtmlHelper::submit does not exist in [C:\xampp\htdocs\fastFWDs\cake\libs\view\helper.php, line 154]
2010-05-31 23:48:02 Warning: Warning (2): Invalid argument supplied for foreach() in [C:\xampp\htdocs\fastFWDs\app\views\permissions\index.ctp, line 33]
2010-05-31 23:48:02 Warning: Warning (2): Invalid argument supplied for foreach() in [C:\xampp\htdocs\fastFWDs\app\views\permissions\index.ctp, line 36]
2010-05-31 23:48:02 Warning: Warning (2): array_merge() [<a href='http://php.net/function.array-merge'>function.array-merge</a>]: Argument #3 is not an array in [C:\xampp\htdocs\fastFWDs\cake\libs\view\helpers\form.php, line 704]
2010-05-31 23:51:33 Warning: Warning (512): <span style="color:Red;text-align:left"><b>SQL Error:</b> 1064: You have an error in your SQL syntax; check the manual that corresponds to your MySQL server version for the right syntax to use near 'generateList' at line 1</span> in [C:\xampp\htdocs\fastFWDs\cake\libs\model\datasources\dbo_source.php, line 666]
2010-05-31 23:51:33 Warning: Warning (2): array_merge() [<a href='http://php.net/function.array-merge'>function.array-merge</a>]: Argument #3 is not an array in [C:\xampp\htdocs\fastFWDs\cake\libs\view\helpers\form.php, line 704]
2010-05-31 23:51:33 Warning: Warning (512): Method HtmlHelper::submit does not exist in [C:\xampp\htdocs\fastFWDs\cake\libs\view\helper.php, line 154]
2010-05-31 23:51:33 Warning: Warning (2): Invalid argument supplied for foreach() in [C:\xampp\htdocs\fastFWDs\app\views\permissions\index.ctp, line 33]
2010-05-31 23:51:33 Warning: Warning (2): Invalid argument supplied for foreach() in [C:\xampp\htdocs\fastFWDs\app\views\permissions\index.ctp, line 36]
2010-05-31 23:52:12 Warning: Warning (2): array_merge() [<a href='http://php.net/function.array-merge'>function.array-merge</a>]: Argument #3 is not an array in [C:\xampp\htdocs\fastFWDs\cake\libs\view\helpers\form.php, line 704]
2010-05-31 23:52:12 Warning: Warning (512): Method HtmlHelper::submit does not exist in [C:\xampp\htdocs\fastFWDs\cake\libs\view\helper.php, line 154]
2010-05-31 23:52:12 Warning: Warning (2): Invalid argument supplied for foreach() in [C:\xampp\htdocs\fastFWDs\app\views\permissions\index.ctp, line 33]
2010-05-31 23:52:12 Warning: Warning (2): Invalid argument supplied for foreach() in [C:\xampp\htdocs\fastFWDs\app\views\permissions\index.ctp, line 36]
2010-05-31 23:52:56 Warning: Warning (2): array_merge() [<a href='http://php.net/function.array-merge'>function.array-merge</a>]: Argument #3 is not an array in [C:\xampp\htdocs\fastFWDs\cake\libs\view\helpers\form.php, line 704]
2010-05-31 23:52:56 Warning: Warning (512): Method HtmlHelper::submit does not exist in [C:\xampp\htdocs\fastFWDs\cake\libs\view\helper.php, line 154]
2010-05-31 23:52:56 Warning: Warning (2): Invalid argument supplied for foreach() in [C:\xampp\htdocs\fastFWDs\app\views\permissions\index.ctp, line 33]
2010-05-31 23:52:56 Warning: Warning (2): Invalid argument supplied for foreach() in [C:\xampp\htdocs\fastFWDs\app\views\permissions\index.ctp, line 36]
